<?xml version="1.0" encoding="UTF-8" ?>
<testsuite tests="4" failures="0" name="xdwang.aequilibrium.SuiteTest" time="0.076" errors="0" skipped="0">
  <properties>
    <property name="java.runtime.name" value="Java(TM) SE Runtime Environment"/>
    <property name="sun.boot.library.path" value="C:\Users\mwang\zzmytoolkit\Java\jdk1.8.0_121\jre\bin"/>
    <property name="java.vm.version" value="25.121-b13"/>
    <property name="java.vm.vendor" value="Oracle Corporation"/>
    <property name="maven.multiModuleProjectDirectory" value="C:\Users\mwang\Dropbox\zzxdw\xd\a01BestPractise\Aequilibrium"/>
    <property name="java.vendor.url" value="http://java.oracle.com/"/>
    <property name="path.separator" value=";"/>
    <property name="guice.disable.misplaced.annotation.check" value="true"/>
    <property name="java.vm.name" value="Java HotSpot(TM) 64-Bit Server VM"/>
    <property name="file.encoding.pkg" value="sun.io"/>
    <property name="user.script" value=""/>
    <property name="user.country" value="US"/>
    <property name="sun.java.launcher" value="SUN_STANDARD"/>
    <property name="sun.os.patch.level" value="Service Pack 1"/>
    <property name="java.vm.specification.name" value="Java Virtual Machine Specification"/>
    <property name="user.dir" value="C:\Users\mwang\Dropbox\zzxdw\xd\a01BestPractise\Aequilibrium"/>
    <property name="java.runtime.version" value="1.8.0_121-b13"/>
    <property name="java.awt.graphicsenv" value="sun.awt.Win32GraphicsEnvironment"/>
    <property name="java.endorsed.dirs" value="C:\Users\mwang\zzmytoolkit\Java\jdk1.8.0_121\jre\lib\endorsed"/>
    <property name="os.arch" value="amd64"/>
    <property name="java.io.tmpdir" value="C:\Users\mwang\AppData\Local\Temp\"/>
    <property name="line.separator" value="
"/>
    <property name="java.vm.specification.vendor" value="Oracle Corporation"/>
    <property name="user.variant" value=""/>
    <property name="os.name" value="Windows 7"/>
    <property name="classworlds.conf" value="C:\Users\mwang\zzmystudio\workspace\sts384\.metadata\.plugins\org.eclipse.m2e.launching\launches\m2conf5828718844442138172.tmp"/>
    <property name="sun.jnu.encoding" value="Cp1252"/>
    <property name="java.library.path" value="C:\Users\mwang\zzmytoolkit\Java\jdk1.8.0_121\bin;C:\WINDOWS\Sun\Java\bin;C:\WINDOWS\system32;C:\WINDOWS;C:/Users/mwang/zzmytoolkit/Java/jre1.8.0_121/bin/server;C:/Users/mwang/zzmytoolkit/Java/jre1.8.0_121/bin;C:/Users/mwang/zzmytoolkit/Java/jre1.8.0_121/lib/amd64;C:\ProgramData\Oracle\Java\javapath;C:\Program Files\Common Files\Microsoft Shared\Windows Live;C:\Program Files (x86)\Common Files\Microsoft Shared\Windows Live;C:\Oracle\Middleware\as_1\bin;C:\Oracle\11.2.0\client_1;C:\WINDOWS\system32;C:\WINDOWS;C:\WINDOWS\System32\Wbem;C:\WINDOWS\System32\WindowsPowerShell\v1.0\;C:\Program Files (x86)\Microsoft System Center\Service Manager 2010\;c:\Program Files (x86)\Microsoft SQL Server\100\Tools\Binn\;c:\Program Files\Microsoft SQL Server\100\Tools\Binn\;c:\Program Files\Microsoft SQL Server\100\DTS\Binn\;C:\Program Files (x86)\MySQL\MySQL Utilities 1.3.4\;C:\Program Files\Microsoft System Center 2012\Service Manager\;C:\Program Files\Microsoft\Web Platform Installer\;C:\Program Files (x86)\Microsoft ASP.NET\ASP.NET Web Pages\v1.0\;C:\Program Files\Microsoft SQL Server\110\Tools\Binn\;C:\Oracle\Middleware\as_1\opmn\bin;C:\Oracle\Middleware\as_1\opmn\lib;C:\Oracle\Middleware\as_1\perl\bin;C:\Program Files (x86)\Windows Live\Shared;C:\Program Files\Java\jdk1.8.0_60\bin;C:\Users\mwang\zzmytoolkit\apache-maven-3.3.9\bin;C:\Users\mwang\zzmytoolkit\gradle-3.4.1\bin;C:\Program Files\TortoiseSVN\bin;C:\Program Files\Microsoft SQL Server\Client SDK\ODBC\110\Tools\Binn\;C:\Program Files (x86)\Microsoft SQL Server\120\Tools\Binn\;C:\Program Files\Microsoft SQL Server\120\Tools\Binn\;C:\Program Files\Microsoft SQL Server\120\DTS\Binn\;C:\Program Files (x86)\Microsoft SQL Server\120\Tools\Binn\ManagementStudio\;C:\Program Files (x86)\Microsoft SQL Server\120\DTS\Binn\;C:\Program Files\cURL\bin;C:\Program Files\Redis\;C:\Users\mwang\AppData\Roaming\npm\;C:\HashiCorp\Vagrant\bin;C:\Users\mwang\mongodb\bin;C:\Program Files\Git\mingw64\bin;C:\Program Files\Cloud Foundry;C:\Program Files (x86)\Skype\Phone\;C:\Program Files\nodejs\;;C:\Program Files\Docker Toolbox;C:\Program Files (x86)\Microsoft VS Code\bin;C:\Users\mwang\AppData\Roaming\npm;C:\Users\mwang\zzmytoolkit\sts-bundle\sts-3.8.4.RELEASE;;."/>
    <property name="java.specification.name" value="Java Platform API Specification"/>
    <property name="java.class.version" value="52.0"/>
    <property name="sun.management.compiler" value="HotSpot 64-Bit Tiered Compilers"/>
    <property name="os.version" value="6.1"/>
    <property name="user.home" value="C:\Users\mwang"/>
    <property name="user.timezone" value="America/Los_Angeles"/>
    <property name="java.awt.printerjob" value="sun.awt.windows.WPrinterJob"/>
    <property name="java.specification.version" value="1.8"/>
    <property name="file.encoding" value="Cp1252"/>
    <property name="user.name" value="mwang"/>
    <property name="java.class.path" value="/C:/Users/mwang/zzmytoolkit/sts-bundle/sts-3.8.4.RELEASE/plugins/org.eclipse.m2e.maven.runtime_1.7.0.20160603-1931/jars/plexus-classworlds-2.5.2.jar"/>
    <property name="java.vm.specification.version" value="1.8"/>
    <property name="sun.arch.data.model" value="64"/>
    <property name="java.home" value="C:\Users\mwang\zzmytoolkit\Java\jdk1.8.0_121\jre"/>
    <property name="sun.java.command" value="org.codehaus.plexus.classworlds.launcher.Launcher -B install"/>
    <property name="java.specification.vendor" value="Oracle Corporation"/>
    <property name="user.language" value="en"/>
    <property name="awt.toolkit" value="sun.awt.windows.WToolkit"/>
    <property name="java.vm.info" value="mixed mode"/>
    <property name="java.version" value="1.8.0_121"/>
    <property name="java.ext.dirs" value="C:\Users\mwang\zzmytoolkit\Java\jdk1.8.0_121\jre\lib\ext;C:\WINDOWS\Sun\Java\lib\ext"/>
    <property name="sun.boot.class.path" value="C:\Users\mwang\zzmytoolkit\Java\jdk1.8.0_121\jre\lib\resources.jar;C:\Users\mwang\zzmytoolkit\Java\jdk1.8.0_121\jre\lib\rt.jar;C:\Users\mwang\zzmytoolkit\Java\jdk1.8.0_121\jre\lib\sunrsasign.jar;C:\Users\mwang\zzmytoolkit\Java\jdk1.8.0_121\jre\lib\jsse.jar;C:\Users\mwang\zzmytoolkit\Java\jdk1.8.0_121\jre\lib\jce.jar;C:\Users\mwang\zzmytoolkit\Java\jdk1.8.0_121\jre\lib\charsets.jar;C:\Users\mwang\zzmytoolkit\Java\jdk1.8.0_121\jre\lib\jfr.jar;C:\Users\mwang\zzmytoolkit\Java\jdk1.8.0_121\jre\classes"/>
    <property name="java.vendor" value="Oracle Corporation"/>
    <property name="maven.home" value="C:\Users\mwang\Dropbox\zzxdw\xd\a01BestPractise\Aequilibrium\EMBEDDED"/>
    <property name="file.separator" value="\"/>
    <property name="java.vendor.url.bug" value="http://bugreport.sun.com/bugreport/"/>
    <property name="sun.cpu.endian" value="little"/>
    <property name="sun.io.unicode.encoding" value="UnicodeLittle"/>
    <property name="sun.desktop" value="windows"/>
    <property name="sun.cpu.isalist" value="amd64"/>
  </properties>
  <testcase classname="xdwang.aequilibrium.UnitTests" name="testBuilderRangeException" time="0.075"/>
  <testcase classname="xdwang.aequilibrium.UnitTests" name="testBuilder" time="0"/>
  <testcase classname="xdwang.aequilibrium.UnitTests" name="testBuilderTypeException" time="0"/>
  <testcase classname="xdwang.aequilibrium.CaseTests" name="testNothing" time="0.001"/>
</testsuite>